<?xml version="1.0" encoding="UTF-8"?>
<testsuite xmlns:xsi="http://www.w3.org/2001/XMLSchema-instance" xsi:noNamespaceSchemaLocation="https://maven.apache.org/surefire/maven-surefire-plugin/xsd/surefire-test-report.xsd" name="com.zerobank.runners.CukesRunner" time="291.797" tests="12" errors="0" skipped="0" failures="1">
  <properties>
[...]
</properties>
  <testcase name="Savings account redirect" classname="Navigating to specific accounts in Accounts Activity" time="20.637"/>
  <testcase name="Brokerage account redirect" classname="Navigating to specific accounts in Accounts Activity" time="20.847"/>
  <testcase name="Checking account redirect" classname="Navigating to specific accounts in Accounts Activity" time="19.519"/>
  <testcase name="Credit Card account redirect" classname="Navigating to specific accounts in Accounts Activity" time="20.856"/>
  <testcase name="Loan account redirect" classname="Navigating to specific accounts in Accounts Activity" time="20.923"/>
  <testcase name="Loan account redirect" classname="Navigating to specific accounts in Accounts Activity" time="25.764"/>
  <testcase name="Add a new payee" classname="Add new payee under pay bills" time="25.05"/>
  <testcase name="Search date range" classname="Find Transactions in Account Activity" time="39.436"/>
  <testcase name="Search description" classname="Find Transactions in Account Activity" time="27.709"/>
  <testcase name="Search description case insensitive" classname="Find Transactions in Account Activity" time="30.19"/>
  <testcase name="Type" classname="Find Transactions in Account Activity" time="25.443"/>
  <testcase name="login as a different user" classname="Login as user" time="14.354">
    <failure message="expected:&lt;[]&gt; but was:&lt;[Zero - Account Summary]&gt;" type="org.junit.ComparisonFailure"><![CDATA[org.junit.ComparisonFailure: expected:<[]> but was:<[Zero - Account Summary]>
]]></failure>
    <system-out><![CDATA[	this is coming from BEFORE
actualTitle = Zero - Account Summary
]]></system-out>
    <system-err><![CDATA[Starting ChromeDriver 86.0.4240.22 (398b0743353ff36fb1b82468f63a3a93b4e2e89e-refs/branch-heads/4240@{#378}) on port 19051
Only local connections are allowed.
Please see https://chromedriver.chromium.org/security-considerations for suggestions on keeping ChromeDriver safe.
ChromeDriver was started successfully.
Oct 28, 2020 9:42:58 AM org.openqa.selenium.remote.ProtocolHandshake createSession
INFO: Detected dialect: W3C
]]></system-err>
  </testcase>
</testsuite>